<?xml version="1.0" encoding="UTF-8"?>
<!-- Generated by org.testng.reporters.JUnitReportReporter -->
<testsuite skipped="0" hostname="Diego-Pereira" name="tests.TestCadastroComSucesso" tests="1" failures="0" timestamp="2021-05-23T16:59:23 BRT" time="3.467" errors="0">
  <testcase name="fazerCadastro" time="3.467" classname="tests.TestCadastroComSucesso"/>
  <system-out/>
</testsuite> <!-- tests.TestCadastroComSucesso -->
