<?xml version="1.0" encoding="UTF-8"?>
<!-- Generated by org.testng.reporters.JUnitReportReporter -->
<testsuite skipped="0" hostname="Diego-Pereira" name="tests.TestLogin" tests="1" failures="0" timestamp="2021-05-23T16:59:23 BRT" time="8.229" errors="0">
  <testcase name="fazerLoginValido" time="8.229" classname="tests.TestLogin"/>
  <system-out/>
</testsuite> <!-- tests.TestLogin -->
